1704502105077|6|statement|connection 31|url jdbc:h2:mem:5329787c-0785-48f0-84d3-7db990fcffb0|drop table if exists account cascade |drop table if exists account cascade 
1704502105080|1|statement|connection 31|url jdbc:h2:mem:5329787c-0785-48f0-84d3-7db990fcffb0|drop table if exists arduino cascade |drop table if exists arduino cascade 
1704502105082|0|statement|connection 31|url jdbc:h2:mem:5329787c-0785-48f0-84d3-7db990fcffb0|drop table if exists arduino_category cascade |drop table if exists arduino_category cascade 
1704502105083|0|statement|connection 31|url jdbc:h2:mem:5329787c-0785-48f0-84d3-7db990fcffb0|drop table if exists arduino_order cascade |drop table if exists arduino_order cascade 
1704502105083|0|statement|connection 31|url jdbc:h2:mem:5329787c-0785-48f0-84d3-7db990fcffb0|drop table if exists arduino_like cascade |drop table if exists arduino_like cascade 
1704502105084|0|statement|connection 31|url jdbc:h2:mem:5329787c-0785-48f0-84d3-7db990fcffb0|drop table if exists arduino_photo cascade |drop table if exists arduino_photo cascade 
1704502105084|0|statement|connection 31|url jdbc:h2:mem:5329787c-0785-48f0-84d3-7db990fcffb0|drop table if exists arduino_restock_alarm cascade |drop table if exists arduino_restock_alarm cascade 
1704502105085|0|statement|connection 31|url jdbc:h2:mem:5329787c-0785-48f0-84d3-7db990fcffb0|drop table if exists cart cascade |drop table if exists cart cascade 
1704502105085|0|statement|connection 31|url jdbc:h2:mem:5329787c-0785-48f0-84d3-7db990fcffb0|drop table if exists category cascade |drop table if exists category cascade 
1704502105086|0|statement|connection 31|url jdbc:h2:mem:5329787c-0785-48f0-84d3-7db990fcffb0|drop table if exists comment cascade |drop table if exists comment cascade 
1704502105086|0|statement|connection 31|url jdbc:h2:mem:5329787c-0785-48f0-84d3-7db990fcffb0|drop table if exists comment_like cascade |drop table if exists comment_like cascade 
1704502105087|0|statement|connection 31|url jdbc:h2:mem:5329787c-0785-48f0-84d3-7db990fcffb0|drop table if exists deposit cascade |drop table if exists deposit cascade 
1704502105087|0|statement|connection 31|url jdbc:h2:mem:5329787c-0785-48f0-84d3-7db990fcffb0|drop table if exists email_verify cascade |drop table if exists email_verify cascade 
1704502105088|0|statement|connection 31|url jdbc:h2:mem:5329787c-0785-48f0-84d3-7db990fcffb0|drop table if exists idempotent cascade |drop table if exists idempotent cascade 
1704502105088|0|statement|connection 31|url jdbc:h2:mem:5329787c-0785-48f0-84d3-7db990fcffb0|drop table if exists order_detail cascade |drop table if exists order_detail cascade 
1704502105089|0|statement|connection 31|url jdbc:h2:mem:5329787c-0785-48f0-84d3-7db990fcffb0|drop table if exists payment cascade |drop table if exists payment cascade 
1704502105089|0|statement|connection 31|url jdbc:h2:mem:5329787c-0785-48f0-84d3-7db990fcffb0|drop table if exists push_notification_option cascade |drop table if exists push_notification_option cascade 
1704502105090|0|statement|connection 31|url jdbc:h2:mem:5329787c-0785-48f0-84d3-7db990fcffb0|drop table if exists token cascade |drop table if exists token cascade 
1704502105090|0|statement|connection 31|url jdbc:h2:mem:5329787c-0785-48f0-84d3-7db990fcffb0|drop sequence if exists arduino_like_seq|drop sequence if exists arduino_like_seq
1704502105091|0|statement|connection 31|url jdbc:h2:mem:5329787c-0785-48f0-84d3-7db990fcffb0|drop sequence if exists arduino_order_seq|drop sequence if exists arduino_order_seq
1704502105091|0|statement|connection 31|url jdbc:h2:mem:5329787c-0785-48f0-84d3-7db990fcffb0|drop sequence if exists arduino_photo_seq|drop sequence if exists arduino_photo_seq
1704502105091|0|statement|connection 31|url jdbc:h2:mem:5329787c-0785-48f0-84d3-7db990fcffb0|drop sequence if exists arduino_restock_alarm_seq|drop sequence if exists arduino_restock_alarm_seq
1704502105092|0|statement|connection 31|url jdbc:h2:mem:5329787c-0785-48f0-84d3-7db990fcffb0|drop sequence if exists arduino_seq|drop sequence if exists arduino_seq
1704502105094|1|statement|connection 31|url jdbc:h2:mem:5329787c-0785-48f0-84d3-7db990fcffb0|drop sequence if exists cart_seq|drop sequence if exists cart_seq
1704502105096|0|statement|connection 31|url jdbc:h2:mem:5329787c-0785-48f0-84d3-7db990fcffb0|drop sequence if exists category_seq|drop sequence if exists category_seq
1704502105096|0|statement|connection 31|url jdbc:h2:mem:5329787c-0785-48f0-84d3-7db990fcffb0|drop sequence if exists comment_like_seq|drop sequence if exists comment_like_seq
1704502105097|0|statement|connection 31|url jdbc:h2:mem:5329787c-0785-48f0-84d3-7db990fcffb0|drop sequence if exists comment_seq|drop sequence if exists comment_seq
1704502105099|2|statement|connection 31|url jdbc:h2:mem:5329787c-0785-48f0-84d3-7db990fcffb0|drop sequence if exists deposit_seq|drop sequence if exists deposit_seq
1704502105099|0|statement|connection 31|url jdbc:h2:mem:5329787c-0785-48f0-84d3-7db990fcffb0|drop sequence if exists order_detail_seq|drop sequence if exists order_detail_seq
1704502105100|0|statement|connection 31|url jdbc:h2:mem:5329787c-0785-48f0-84d3-7db990fcffb0|drop sequence if exists payment_seq|drop sequence if exists payment_seq
1704502105100|0|statement|connection 31|url jdbc:h2:mem:5329787c-0785-48f0-84d3-7db990fcffb0|drop sequence if exists push_notification_option_seq|drop sequence if exists push_notification_option_seq
1704502105100|0|statement|connection 31|url jdbc:h2:mem:5329787c-0785-48f0-84d3-7db990fcffb0|drop sequence if exists token_seq|drop sequence if exists token_seq
